2021-06-10 00:16:36.7490|Info|Now listening on: https://localhost:5001
2021-06-10 00:16:36.7761|Info|Now listening on: http://localhost:5000
2021-06-10 00:16:36.7761|Info|Application started. Press Ctrl+C to shut down.
2021-06-10 00:16:36.7761|Info|Hosting environment: Development
2021-06-10 00:16:36.7761|Info|Content root path: C:\Users\Krystian\Desktop\Rest_kurs\RestaurantApi\RestaurantApi
2021-06-10 00:17:43.8813|Info|Now listening on: https://localhost:5001
2021-06-10 00:17:43.9073|Info|Now listening on: http://localhost:5000
2021-06-10 00:17:43.9073|Info|Application started. Press Ctrl+C to shut down.
2021-06-10 00:17:43.9144|Info|Hosting environment: Development
2021-06-10 00:17:43.9144|Info|Content root path: C:\Users\Krystian\Desktop\Rest_kurs\RestaurantApi\RestaurantApi
2021-06-10 00:18:04.6980|Info|Request [GET] at /api/restaurant took 20138 ms
2021-06-10 00:18:36.6520|Info|Request [GET] at /api/restaurant took 7902 ms
2021-06-10 00:19:11.8155|Info|Now listening on: https://localhost:5001
2021-06-10 00:19:11.8482|Info|Now listening on: http://localhost:5000
2021-06-10 00:19:11.8514|Info|Application started. Press Ctrl+C to shut down.
2021-06-10 00:19:11.8514|Info|Hosting environment: Development
2021-06-10 00:19:11.8514|Info|Content root path: C:\Users\Krystian\Desktop\Rest_kurs\RestaurantApi\RestaurantApi
2021-06-10 00:19:22.0623|Info|Request [GET] at /api/restaurant took 6474 ms
2021-06-10 00:20:20.5664|Info|Now listening on: https://localhost:5001
2021-06-10 00:20:20.5940|Info|Now listening on: http://localhost:5000
2021-06-10 00:20:20.5940|Info|Application started. Press Ctrl+C to shut down.
2021-06-10 00:20:20.5940|Info|Hosting environment: Development
2021-06-10 00:20:20.6005|Info|Content root path: C:\Users\Krystian\Desktop\Rest_kurs\RestaurantApi\RestaurantApi
2021-06-10 00:20:30.2660|Info|Request [GET] at /api/restaurant took 5970 ms
2021-06-10 19:39:28.3957|Info|Now listening on: https://localhost:5001
2021-06-10 19:39:28.4294|Info|Now listening on: http://localhost:5000
2021-06-10 19:39:28.4294|Info|Application started. Press Ctrl+C to shut down.
2021-06-10 19:39:28.4363|Info|Hosting environment: Development
2021-06-10 19:39:28.4363|Info|Content root path: C:\Users\Krystian\Desktop\Rest_kurs\RestaurantApi\RestaurantApi
2021-06-10 19:42:16.8265|Info|Now listening on: https://localhost:5001
2021-06-10 19:42:16.8524|Info|Now listening on: http://localhost:5000
2021-06-10 19:42:16.8554|Info|Application started. Press Ctrl+C to shut down.
2021-06-10 19:42:16.8554|Info|Hosting environment: Development
2021-06-10 19:42:16.8554|Info|Content root path: C:\Users\Krystian\Desktop\Rest_kurs\RestaurantApi\RestaurantApi
2021-06-10 19:43:01.0235|Error|An error occurred while updating the entries. See the inner exception for details.
Microsoft.EntityFrameworkCore.DbUpdateException: An error occurred while updating the entries. See the inner exception for details.
 ---> Microsoft.Data.SqlClient.SqlException (0x80131904): The INSERT statement conflicted with the FOREIGN KEY constraint "FK_Dishes_Restaurants_RestaurantId". The conflict occurred in database "RestaurantDb", table "dbo.Restaurants", column 'Id'.
The statement has been terminated.
   at Microsoft.Data.SqlClient.SqlConnection.OnError(SqlException exception, Boolean breakConnection, Action`1 wrapCloseInAction)
   at Microsoft.Data.SqlClient.SqlInternalConnection.OnError(SqlException exception, Boolean breakConnection, Action`1 wrapCloseInAction)
   at Microsoft.Data.SqlClient.TdsParser.ThrowExceptionAndWarning(TdsParserStateObject stateObj, Boolean callerHasConnectionLock, Boolean asyncClose)
   at Microsoft.Data.SqlClient.TdsParser.TryRun(RunBehavior runBehavior, SqlCommand cmdHandler, SqlDataReader dataStream, BulkCopySimpleResultSet bulkCopyHandler, TdsParserStateObject stateObj, Boolean& dataReady)
   at Microsoft.Data.SqlClient.SqlDataReader.TryConsumeMetaData()
   at Microsoft.Data.SqlClient.SqlDataReader.get_MetaData()
   at Microsoft.Data.SqlClient.SqlCommand.FinishExecuteReader(SqlDataReader ds, RunBehavior runBehavior, String resetOptionsString, Boolean isInternal, Boolean forDescribeParameterEncryption, Boolean shouldCacheForAlwaysEncrypted)
   at Microsoft.Data.SqlClient.SqlCommand.RunExecuteReaderTds(CommandBehavior cmdBehavior, RunBehavior runBehavior, Boolean returnStream, Boolean isAsync, Int32 timeout, Task& task, Boolean asyncWrite, Boolean inRetry, SqlDataReader ds, Boolean describeParameterEncryptionRequest)
   at Microsoft.Data.SqlClient.SqlCommand.RunExecuteReader(CommandBehavior cmdBehavior, RunBehavior runBehavior, Boolean returnStream, TaskCompletionSource`1 completion, Int32 timeout, Task& task, Boolean& usedCache, Boolean asyncWrite, Boolean inRetry, String method)
   at Microsoft.Data.SqlClient.SqlCommand.RunExecuteReader(CommandBehavior cmdBehavior, RunBehavior runBehavior, Boolean returnStream, String method)
   at Microsoft.Data.SqlClient.SqlCommand.ExecuteReader(CommandBehavior behavior)
   at Microsoft.Data.SqlClient.SqlCommand.ExecuteDbDataReader(CommandBehavior behavior)
   at System.Data.Common.DbCommand.ExecuteReader()
   at Microsoft.EntityFrameworkCore.Storage.RelationalCommand.ExecuteReader(RelationalCommandParameterObject parameterObject)
   at Microsoft.EntityFrameworkCore.Update.ReaderModificationCommandBatch.Execute(IRelationalConnection connection)
ClientConnectionId:35e404e3-d147-4a0e-ab64-b8cde0562395
Error Number:547,State:0,Class:16
   --- End of inner exception stack trace ---
   at Microsoft.EntityFrameworkCore.Update.ReaderModificationCommandBatch.Execute(IRelationalConnection connection)
   at Microsoft.EntityFrameworkCore.Update.Internal.BatchExecutor.Execute(IEnumerable`1 commandBatches, IRelationalConnection connection)
   at Microsoft.EntityFrameworkCore.Storage.RelationalDatabase.SaveChanges(IList`1 entries)
   at Microsoft.EntityFrameworkCore.ChangeTracking.Internal.StateManager.SaveChanges(IList`1 entriesToSave)
   at Microsoft.EntityFrameworkCore.ChangeTracking.Internal.StateManager.SaveChanges(DbContext _, Boolean acceptAllChangesOnSuccess)
   at Microsoft.EntityFrameworkCore.SqlServer.Storage.Internal.SqlServerExecutionStrategy.Execute[TState,TResult](TState state, Func`3 operation, Func`3 verifySucceeded)
   at Microsoft.EntityFrameworkCore.ChangeTracking.Internal.StateManager.SaveChanges(Boolean acceptAllChangesOnSuccess)
   at Microsoft.EntityFrameworkCore.DbContext.SaveChanges(Boolean acceptAllChangesOnSuccess)
   at Microsoft.EntityFrameworkCore.DbContext.SaveChanges()
   at RestaurantApi.Services.DishService.Create(Int32 restaurantId, CreateDishDto dto) in C:\Users\Krystian\Desktop\Rest_kurs\RestaurantApi\RestaurantApi\Services\DishService.cs:line 31
   at RestaurantApi.Controllers.DishController.Post(Int32 restaurantId, CreateDishDto dto) in C:\Users\Krystian\Desktop\Rest_kurs\RestaurantApi\RestaurantApi\Controllers\DishController.cs:line 24
   at lambda_method10(Closure , Object , Object[] )
   at Microsoft.AspNetCore.Mvc.Infrastructure.ActionMethodExecutor.SyncActionResultExecutor.Execute(IActionResultTypeMapper mapper, ObjectMethodExecutor executor, Object controller, Object[] arguments)
   at Microsoft.AspNetCore.Mvc.Infrastructure.ControllerActionInvoker.InvokeActionMethodAsync()
   at Microsoft.AspNetCore.Mvc.Infrastructure.ControllerActionInvoker.Next(State& next, Scope& scope, Object& state, Boolean& isCompleted)
   at Microsoft.AspNetCore.Mvc.Infrastructure.ControllerActionInvoker.InvokeNextActionFilterAsync()
--- End of stack trace from previous location ---
   at Microsoft.AspNetCore.Mvc.Infrastructure.ControllerActionInvoker.Rethrow(ActionExecutedContextSealed context)
   at Microsoft.AspNetCore.Mvc.Infrastructure.ControllerActionInvoker.Next(State& next, Scope& scope, Object& state, Boolean& isCompleted)
   at Microsoft.AspNetCore.Mvc.Infrastructure.ControllerActionInvoker.InvokeInnerFilterAsync()
--- End of stack trace from previous location ---
   at Microsoft.AspNetCore.Mvc.Infrastructure.ResourceInvoker.<InvokeFilterPipelineAsync>g__Awaited|19_0(ResourceInvoker invoker, Task lastTask, State next, Scope scope, Object state, Boolean isCompleted)
   at Microsoft.AspNetCore.Mvc.Infrastructure.ResourceInvoker.<InvokeAsync>g__Awaited|17_0(ResourceInvoker invoker, Task task, IDisposable scope)
   at Microsoft.AspNetCore.Routing.EndpointMiddleware.<Invoke>g__AwaitRequestTask|6_0(Endpoint endpoint, Task requestTask, ILogger logger)
   at Swashbuckle.AspNetCore.SwaggerUI.SwaggerUIMiddleware.Invoke(HttpContext httpContext)
   at Swashbuckle.AspNetCore.Swagger.SwaggerMiddleware.Invoke(HttpContext httpContext, ISwaggerProvider swaggerProvider)
   at RestaurantApi.Middleware.RequestTimeMiddleware.InvokeAsync(HttpContext context, RequestDelegate next) in C:\Users\Krystian\Desktop\Rest_kurs\RestaurantApi\RestaurantApi\Middleware\RequestTimeMiddleware.cs:line 24
   at Microsoft.AspNetCore.Builder.UseMiddlewareExtensions.<>c__DisplayClass6_1.<<UseMiddlewareInterface>b__1>d.MoveNext()
--- End of stack trace from previous location ---
   at RestaurantApi.Middleware.ErrorHandlingMiddleware.InvokeAsync(HttpContext context, RequestDelegate next) in C:\Users\Krystian\Desktop\Rest_kurs\RestaurantApi\RestaurantApi\Middleware\ErrorHandlingMiddleware.cs:line 23
2021-06-10 19:43:56.3524|Info|Now listening on: https://localhost:5001
2021-06-10 19:43:56.3782|Info|Now listening on: http://localhost:5000
2021-06-10 19:43:56.3782|Info|Application started. Press Ctrl+C to shut down.
2021-06-10 19:43:56.3782|Info|Hosting environment: Development
2021-06-10 19:43:56.3855|Info|Content root path: C:\Users\Krystian\Desktop\Rest_kurs\RestaurantApi\RestaurantApi
2021-06-10 20:00:20.1089|Info|Now listening on: https://localhost:5001
2021-06-10 20:00:20.1362|Info|Now listening on: http://localhost:5000
2021-06-10 20:00:20.1362|Info|Application started. Press Ctrl+C to shut down.
2021-06-10 20:00:20.1362|Info|Hosting environment: Development
2021-06-10 20:00:20.1362|Info|Content root path: C:\Users\Krystian\Desktop\Rest_kurs\RestaurantApi\RestaurantApi
2021-06-10 20:26:50.0232|Info|Now listening on: https://localhost:5001
2021-06-10 20:26:50.0609|Info|Now listening on: http://localhost:5000
2021-06-10 20:26:50.0609|Info|Application started. Press Ctrl+C to shut down.
2021-06-10 20:26:50.0609|Info|Hosting environment: Development
2021-06-10 20:26:50.0609|Info|Content root path: C:\Users\Krystian\Desktop\Rest_kurs\RestaurantApi\RestaurantApi
